2024-05-11 09:48:40,229.229 INFO collection_routes - get: Received request to get Collections
2024-05-11 09:48:40,347.347 INFO collection_routes - get: Request headers: Authorization: oauth
Content-Type: application/json
User-Agent: PostmanRuntime/7.37.3
Accept: */*
Postman-Token: 70f318a0-69c5-4ec7-ab69-7bebf0d878bd
Host: 127.0.0.1:5000
Accept-Encoding: gzip, deflate, br
Connection: keep-alive
Content-Length: 122


2024-05-11 09:48:40,351.351 INFO collection_routes - get: Request body: {'collection_id': '00000000-000000-000000-000000000001', 'wix_site': '87b8edcb-aed5-4651-a4ad-e1a4678a6891'}
2024-05-11 09:48:40,360.360 INFO collection_dtr - collection_rest_response: Starting collection_rest_response
2024-05-11 09:48:40,375.375 INFO token_repository - get_token_by_wix_site: Retrieving token by wix site: 87b8edcb-aed5-4651-a4ad-e1a4678a6891
2024-05-11 09:48:41,131.131 INFO token_controller - get_token_from_db: Found token: <Token 1>
2024-05-11 09:48:41,131.131 INFO token_controller - get_token_from_db: Serializing token
2024-05-11 09:48:41,137.137 INFO collection_controller - get_collection_by_id: Sending request to Wix Api to get collection from the wix site:87b8edcb-aed5-4651-a4ad-e1a4678a6891
2024-05-11 09:48:42,290.290 INFO collection_controller - get_collection_by_id: Wix API Response: {'message': 'No Metasite Context in identity.', 'details': {}}
2024-05-11 09:48:42,293.293 INFO collection_controller - get_collection_by_id: Wix API Response Status Code: 401
2024-05-11 09:48:42,298.298 ERROR collection_controller - get_collection_by_id: Unauthorized API call. Invalid API key or access token.
2024-05-11 09:48:42,299.299 ERROR collection_dtr - collection_rest_response: Wix API Exception: Invalid API key or access token
2024-05-11 09:56:21,154.154 INFO collection_routes - get: Received request to get Collections
2024-05-11 09:56:21,260.260 INFO collection_routes - get: Request headers: Authorization: oauth
Content-Type: application/json
User-Agent: PostmanRuntime/7.37.3
Accept: */*
Postman-Token: 8d4e5ad7-60dd-4e5a-9ee3-89e9d4333d94
Host: 127.0.0.1:5000
Accept-Encoding: gzip, deflate, br
Connection: keep-alive
Content-Length: 122


2024-05-11 09:56:21,269.269 INFO collection_routes - get: Request body: {'collection_id': '00000000-000000-000000-000000000001', 'wix_site': '87b8edcb-aed5-4651-a4ad-e1a4678a6891'}
2024-05-11 09:56:21,269.269 INFO collection_dtr - collection_rest_response: Starting collection_rest_response
2024-05-11 09:56:21,272.272 INFO token_repository - get_token_by_wix_site: Retrieving token by wix site: 87b8edcb-aed5-4651-a4ad-e1a4678a6891
2024-05-11 09:56:21,814.814 INFO token_controller - get_token_from_db: Found token: <Token 1>
2024-05-11 09:56:21,814.814 INFO token_controller - get_token_from_db: Serializing token
2024-05-11 09:56:21,818.818 INFO collection_controller - get_collection_by_id: Sending request to Wix Api to get collection from the wix site:87b8edcb-aed5-4651-a4ad-e1a4678a6891
2024-05-11 09:56:23,115.115 INFO collection_controller - get_collection_by_id: Wix API Response: {'message': 'No Metasite Context in identity.', 'details': {}}
2024-05-11 09:56:23,116.116 INFO collection_controller - get_collection_by_id: Wix API Response Status Code: 401
2024-05-11 09:56:23,117.117 ERROR collection_controller - get_collection_by_id: Unauthorized API call. Invalid API key or access token.
2024-05-11 09:56:23,118.118 ERROR collection_dtr - collection_rest_response: Wix API Exception: Invalid API key or access token
